Base path: '/home/dani/Unity/Hub/Editor/2019.3.14f1/Editor/Data', plugins path '/home/dani/Unity/Hub/Editor/2019.3.14f1/Editor/Data/PlaybackEngines'
Cmd: initializeCompiler
Cmd: compileComputeKernel
  api=15 insize=12109 outsize=2607 ok=1
Cmd: compileComputeKernel
  api=15 insize=12109 outsize=3929 ok=1
Cmd: compileComputeKernel
  api=15 insize=12109 outsize=3543 ok=1
Cmd: compileComputeKernel
  api=15 insize=12109 outsize=3758 ok=1
Cmd: compileComputeKernel
  api=18 insize=12109 outsize=4734 ok=1
Cmd: compileComputeKernel
  api=18 insize=12109 outsize=4679 ok=1
Cmd: compileComputeKernel
  api=18 insize=12109 outsize=7068 ok=1
Cmd: compileComputeKernel
  api=18 insize=12109 outsize=9574 ok=1
Cmd: compileComputeKernel
  api=15 insize=11985 outsize=3326 ok=1
Cmd: compileComputeKernel
  api=15 insize=11985 outsize=4076 ok=1
Cmd: compileComputeKernel
  api=15 insize=11985 outsize=3370 ok=1
Cmd: compileComputeKernel
  api=18 insize=11985 outsize=6285 ok=1
Cmd: compileComputeKernel
  api=18 insize=11985 outsize=6269 ok=1
Cmd: compileComputeKernel
  api=18 insize=11985 outsize=6338 ok=1
Cmd: compileComputeKernel
  api=18 insize=11985 outsize=6339 ok=1
Cmd: compileComputeKernel
  api=15 insize=18301 outsize=4845 ok=1
Cmd: compileComputeKernel
  api=15 insize=18301 outsize=7343 ok=1
Cmd: compileComputeKernel
  api=18 insize=18301 outsize=8953 ok=1
Cmd: compileComputeKernel
  api=18 insize=18301 outsize=14747 ok=1
Cmd: compileComputeKernel
  api=18 insize=18301 outsize=14543 ok=1
Cmd: compileComputeKernel
  api=15 insize=66874 outsize=6659 ok=1
Cmd: compileComputeKernel
  api=15 insize=66874 outsize=5384 ok=1
Cmd: compileComputeKernel
  api=15 insize=66874 outsize=5176 ok=1
Cmd: compileComputeKernel
  api=15 insize=66874 outsize=3395 ok=1
Cmd: compileComputeKernel
  api=15 insize=66874 outsize=3369 ok=1
Cmd: compileComputeKernel
  api=15 insize=66874 outsize=3850 ok=1
Cmd: compileComputeKernel
  api=15 insize=66874 outsize=3539 ok=1
Cmd: compileComputeKernel
  api=15 insize=66874 outsize=3092 ok=1
Cmd: compileComputeKernel
  api=15 insize=66874 outsize=3653 ok=1
Cmd: compileComputeKernel
  api=15 insize=66874 outsize=3722 ok=1
Cmd: compileComputeKernel
  api=15 insize=66874 outsize=4238 ok=1
Cmd: compileComputeKernel
  api=15 insize=66874 outsize=3132 ok=1
Cmd: compileComputeKernel
  api=15 insize=66874 outsize=3197 ok=1
Cmd: compileComputeKernel
  api=15 insize=66874 outsize=5045 ok=1
Cmd: compileComputeKernel
  api=15 insize=66874 outsize=4461 ok=1
Cmd: compileComputeKernel
  api=15 insize=66874 outsize=4321 ok=1
Cmd: compileComputeKernel
  api=15 insize=66874 outsize=3139 ok=1
Cmd: compileComputeKernel
  api=15 insize=66874 outsize=3145 ok=1
Cmd: compileComputeKernel
  api=15 insize=66874 outsize=3198 ok=1
Cmd: compileComputeKernel
  api=15 insize=66874 outsize=3293 ok=1
Cmd: compileComputeKernel
  api=15 insize=66874 outsize=3198 ok=1
Cmd: compileComputeKernel
  api=15 insize=66874 outsize=3253 ok=1
Cmd: compileComputeKernel
  api=18 insize=66874 outsize=12771 ok=1
Cmd: compileComputeKernel
  api=18 insize=66874 outsize=7170 ok=1
Cmd: compileComputeKernel
  api=18 insize=66874 outsize=6797 ok=1
Cmd: compileComputeKernel
  api=18 insize=66874 outsize=9309 ok=1
Cmd: compileComputeKernel
  api=18 insize=66874 outsize=6563 ok=1
Cmd: compileComputeKernel
  api=18 insize=66874 outsize=13131 ok=1
Cmd: compileComputeKernel
  api=18 insize=66874 outsize=5974 ok=1
Cmd: compileComputeKernel
  api=18 insize=66874 outsize=7338 ok=1
Cmd: compileComputeKernel
  api=18 insize=66874 outsize=6049 ok=1
Cmd: compileComputeKernel
  api=18 insize=66874 outsize=6583 ok=1
Cmd: compileComputeKernel
  api=18 insize=66874 outsize=6195 ok=1
Cmd: compileComputeKernel
  api=18 insize=66874 outsize=8051 ok=1
Cmd: compileComputeKernel
  api=18 insize=66874 outsize=8059 ok=1
Cmd: compileComputeKernel
  api=18 insize=66874 outsize=8123 ok=1
Cmd: compileComputeKernel
  api=18 insize=66874 outsize=8121 ok=1
Cmd: compileComputeKernel
  api=18 insize=66874 outsize=5885 ok=1
Cmd: compileComputeKernel
  api=18 insize=66874 outsize=5878 ok=1
Cmd: compileComputeKernel
  api=18 insize=66874 outsize=16144 ok=1
Cmd: compileComputeKernel
  api=18 insize=66874 outsize=10585 ok=1
Cmd: compileComputeKernel
  api=15 insize=72903 outsize=25525 ok=1
Cmd: compileComputeKernel
  api=18 insize=72903 outsize=23085 ok=1
Cmd: compileComputeKernel
  api=15 insize=34089 outsize=1942 ok=1
Cmd: compileComputeKernel
  api=15 insize=34089 outsize=1832 ok=1
Cmd: compileComputeKernel
  api=15 insize=34089 outsize=2082 ok=1
Cmd: compileComputeKernel
  api=15 insize=34089 outsize=2060 ok=1
Cmd: compileComputeKernel
  api=15 insize=34089 outsize=1573 ok=1
Cmd: compileComputeKernel
  api=15 insize=34089 outsize=2047 ok=1
Cmd: compileComputeKernel
  api=15 insize=34089 outsize=1929 ok=1
Cmd: compileComputeKernel
  api=15 insize=34089 outsize=2925 ok=1
Cmd: compileComputeKernel
  api=15 insize=34089 outsize=3311 ok=1
Cmd: compileComputeKernel
  api=15 insize=34089 outsize=3267 ok=1
Cmd: compileComputeKernel
  api=15 insize=34089 outsize=3045 ok=1
Cmd: compileComputeKernel
  api=15 insize=34089 outsize=2960 ok=1
Cmd: compileComputeKernel
  api=15 insize=34089 outsize=2998 ok=1
Cmd: compileComputeKernel
  api=15 insize=34089 outsize=3104 ok=1
Cmd: compileComputeKernel
  api=18 insize=34089 outsize=3424 ok=1
Cmd: compileComputeKernel
  api=18 insize=34089 outsize=2269 ok=1
Cmd: compileComputeKernel
  api=18 insize=34089 outsize=3182 ok=1
Cmd: compileComputeKernel
  api=18 insize=34089 outsize=3809 ok=1
Cmd: compileComputeKernel
  api=18 insize=34089 outsize=4037 ok=1
Cmd: compileComputeKernel
  api=18 insize=34089 outsize=3604 ok=1
Cmd: compileComputeKernel
  api=18 insize=34089 outsize=3646 ok=1
Cmd: compileComputeKernel
  api=18 insize=34089 outsize=3421 ok=1
Cmd: compileComputeKernel
  api=18 insize=34089 outsize=5637 ok=1
Cmd: compileComputeKernel
  api=18 insize=34089 outsize=6043 ok=1
Cmd: compileComputeKernel
  api=18 insize=34089 outsize=6229 ok=1
Cmd: compileComputeKernel
  api=18 insize=34089 outsize=5595 ok=1
Cmd: compileComputeKernel
  api=18 insize=34089 outsize=5648 ok=1
Cmd: compileComputeKernel
  api=18 insize=34089 outsize=5680 ok=1
Cmd: compileComputeKernel
  api=18 insize=34089 outsize=5585 ok=1
Cmd: compileComputeKernel
  api=18 insize=34089 outsize=5824 ok=1
Cmd: compileComputeKernel
  api=15 insize=79248 outsize=6185 ok=1
Cmd: compileComputeKernel
  api=15 insize=79248 outsize=22960 ok=1
Cmd: compileComputeKernel
  api=15 insize=79248 outsize=52575 ok=1
Cmd: compileComputeKernel
  api=15 insize=79248 outsize=8280 ok=1
Cmd: compileComputeKernel
  api=18 insize=79248 outsize=50296 ok=1
Cmd: compileComputeKernel
  api=18 insize=79248 outsize=126313 ok=1
Cmd: compileComputeKernel
  api=18 insize=79248 outsize=15113 ok=1
Cmd: compileComputeKernel
  api=15 insize=4442 outsize=3807 ok=1
Cmd: compileComputeKernel
  api=18 insize=4442 outsize=7788 ok=1

Quitting shader compiler process
