Base path: '/home/dani/Unity/Hub/Editor/2019.3.14f1/Editor/Data', plugins path '/home/dani/Unity/Hub/Editor/2019.3.14f1/Editor/Data/PlaybackEngines'
Cmd: initializeCompiler
Cmd: compileComputeKernel
  api=15 insize=12109 outsize=3608 ok=1
Cmd: compileComputeKernel
  api=18 insize=12109 outsize=6650 ok=1
Cmd: compileComputeKernel
  api=18 insize=12109 outsize=7544 ok=1
Cmd: compileComputeKernel
  api=18 insize=12109 outsize=5824 ok=1
Cmd: compileComputeKernel
  api=15 insize=11985 outsize=3323 ok=1
Cmd: compileComputeKernel
  api=15 insize=11985 outsize=3327 ok=1
Cmd: compileComputeKernel
  api=15 insize=11985 outsize=3509 ok=1
Cmd: compileComputeKernel
  api=15 insize=11985 outsize=3366 ok=1
Cmd: compileComputeKernel
  api=18 insize=11985 outsize=6269 ok=1
Cmd: compileComputeKernel
  api=18 insize=11985 outsize=6269 ok=1
Cmd: compileComputeKernel
  api=18 insize=11985 outsize=6346 ok=1
Cmd: compileComputeKernel
  api=18 insize=11985 outsize=6339 ok=1
Cmd: compileComputeKernel
  api=15 insize=18301 outsize=7565 ok=1
Cmd: compileComputeKernel
  api=15 insize=18301 outsize=12761 ok=1
Cmd: compileComputeKernel
  api=18 insize=18301 outsize=23505 ok=1
Cmd: compileComputeKernel
  api=15 insize=66874 outsize=26768 ok=1
Cmd: compileComputeKernel
  api=15 insize=66874 outsize=3134 ok=1
Cmd: compileComputeKernel
  api=15 insize=66874 outsize=3219 ok=1
Cmd: compileComputeKernel
  api=15 insize=66874 outsize=3429 ok=1
Cmd: compileComputeKernel
  api=15 insize=66874 outsize=3342 ok=1
Cmd: compileComputeKernel
  api=15 insize=66874 outsize=3831 ok=1
Cmd: compileComputeKernel
  api=15 insize=66874 outsize=4280 ok=1
Cmd: compileComputeKernel
  api=15 insize=66874 outsize=4280 ok=1
Cmd: compileComputeKernel
  api=15 insize=66874 outsize=4330 ok=1
Cmd: compileComputeKernel
  api=15 insize=66874 outsize=4323 ok=1
Cmd: compileComputeKernel
  api=15 insize=66874 outsize=4570 ok=1
Cmd: compileComputeKernel
  api=15 insize=66874 outsize=3130 ok=1
Cmd: compileComputeKernel
  api=15 insize=66874 outsize=6777 ok=1
Cmd: compileComputeKernel
  api=15 insize=66874 outsize=3887 ok=1
Cmd: compileComputeKernel
  api=18 insize=66874 outsize=7530 ok=1
Cmd: compileComputeKernel
  api=18 insize=66874 outsize=12771 ok=1
Cmd: compileComputeKernel
  api=18 insize=66874 outsize=10171 ok=1
Cmd: compileComputeKernel
  api=18 insize=66874 outsize=6737 ok=1
Cmd: compileComputeKernel
  api=18 insize=66874 outsize=9389 ok=1
Cmd: compileComputeKernel
  api=18 insize=66874 outsize=6219 ok=1
Cmd: compileComputeKernel
  api=18 insize=66874 outsize=13035 ok=1
Cmd: compileComputeKernel
  api=18 insize=66874 outsize=5956 ok=1
Cmd: compileComputeKernel
  api=18 insize=66874 outsize=7219 ok=1
Cmd: compileComputeKernel
  api=18 insize=66874 outsize=6159 ok=1
Cmd: compileComputeKernel
  api=18 insize=66874 outsize=6583 ok=1
Cmd: compileComputeKernel
  api=18 insize=66874 outsize=5956 ok=1
Cmd: compileComputeKernel
  api=18 insize=66874 outsize=8051 ok=1
Cmd: compileComputeKernel
  api=18 insize=66874 outsize=9491 ok=1
Cmd: compileComputeKernel
  api=18 insize=66874 outsize=8123 ok=1
Cmd: compileComputeKernel
  api=18 insize=66874 outsize=8734 ok=1
Cmd: compileComputeKernel
  api=18 insize=66874 outsize=6042 ok=1
Cmd: compileComputeKernel
  api=18 insize=66874 outsize=6326 ok=1
Cmd: compileComputeKernel
  api=18 insize=66874 outsize=6581 ok=1
Cmd: compileComputeKernel
  api=18 insize=66874 outsize=6499 ok=1
Cmd: compileComputeKernel
  api=18 insize=66874 outsize=4581 ok=1
Cmd: compileComputeKernel
  api=15 insize=72903 outsize=16957 ok=1
Cmd: compileComputeKernel
  api=15 insize=34089 outsize=1502 ok=1
Cmd: compileComputeKernel
  api=15 insize=34089 outsize=1830 ok=1
Cmd: compileComputeKernel
  api=15 insize=34089 outsize=1510 ok=1
Cmd: compileComputeKernel
  api=15 insize=34089 outsize=1577 ok=1
Cmd: compileComputeKernel
  api=15 insize=34089 outsize=1723 ok=1
Cmd: compileComputeKernel
  api=15 insize=34089 outsize=1863 ok=1
Cmd: compileComputeKernel
  api=15 insize=34089 outsize=1984 ok=1
Cmd: compileComputeKernel
  api=15 insize=34089 outsize=1995 ok=1
Cmd: compileComputeKernel
  api=15 insize=34089 outsize=3013 ok=1
Cmd: compileComputeKernel
  api=15 insize=34089 outsize=4065 ok=1
Cmd: compileComputeKernel
  api=15 insize=34089 outsize=3077 ok=1
Cmd: compileComputeKernel
  api=15 insize=34089 outsize=3173 ok=1
Cmd: compileComputeKernel
  api=15 insize=34089 outsize=3099 ok=1
Cmd: compileComputeKernel
  api=15 insize=34089 outsize=2962 ok=1
Cmd: compileComputeKernel
  api=15 insize=34089 outsize=3482 ok=1
Cmd: compileComputeKernel
  api=15 insize=34089 outsize=3110 ok=1
Cmd: compileComputeKernel
  api=18 insize=34089 outsize=3183 ok=1
Cmd: compileComputeKernel
  api=18 insize=34089 outsize=3202 ok=1
Cmd: compileComputeKernel
  api=18 insize=34089 outsize=3518 ok=1
Cmd: compileComputeKernel
  api=18 insize=34089 outsize=3650 ok=1
Cmd: compileComputeKernel
  api=18 insize=34089 outsize=3914 ok=1
Cmd: compileComputeKernel
  api=18 insize=34089 outsize=3245 ok=1
Cmd: compileComputeKernel
  api=18 insize=34089 outsize=3268 ok=1
Cmd: compileComputeKernel
  api=18 insize=34089 outsize=4399 ok=1
Cmd: compileComputeKernel
  api=18 insize=34089 outsize=5678 ok=1
Cmd: compileComputeKernel
  api=18 insize=34089 outsize=6028 ok=1
Cmd: compileComputeKernel
  api=18 insize=34089 outsize=5842 ok=1
Cmd: compileComputeKernel
  api=18 insize=34089 outsize=5905 ok=1
Cmd: compileComputeKernel
  api=18 insize=34089 outsize=5479 ok=1
Cmd: compileComputeKernel
  api=18 insize=34089 outsize=5617 ok=1
Cmd: compileComputeKernel
  api=18 insize=34089 outsize=6702 ok=1
Cmd: compileComputeKernel
  api=15 insize=79248 outsize=21060 ok=1
Cmd: compileComputeKernel
  api=15 insize=79248 outsize=57909 ok=1
Cmd: compileComputeKernel
  api=15 insize=79248 outsize=10364 ok=1
Cmd: compileComputeKernel
  api=18 insize=79248 outsize=11287 ok=1
Cmd: compileComputeKernel
  api=18 insize=79248 outsize=11127 ok=1
Cmd: compileComputeKernel
  api=18 insize=79248 outsize=30992 ok=1
Cmd: compileComputeKernel
  api=18 insize=79248 outsize=49752 ok=1
Cmd: compileComputeKernel
  api=18 insize=79248 outsize=90437 ok=1
Cmd: compileComputeKernel
  api=18 insize=79248 outsize=8505 ok=1
Cmd: compileComputeKernel
  api=18 insize=79248 outsize=51936 ok=1
Cmd: compileComputeKernel
  api=15 insize=4442 outsize=3053 ok=1
Cmd: compileComputeKernel
  api=18 insize=4442 outsize=5841 ok=1

Quitting shader compiler process
