Base path: '/home/dani/Unity/Hub/Editor/2019.3.14f1/Editor/Data', plugins path '/home/dani/Unity/Hub/Editor/2019.3.14f1/Editor/Data/PlaybackEngines'
Cmd: initializeCompiler
Cmd: compileComputeKernel
  api=15 insize=12109 outsize=2714 ok=1
Cmd: compileComputeKernel
  api=15 insize=12109 outsize=4893 ok=1
Cmd: compileComputeKernel
  api=18 insize=12109 outsize=6903 ok=1
Cmd: compileComputeKernel
  api=18 insize=12109 outsize=7483 ok=1
Cmd: compileComputeKernel
  api=18 insize=12109 outsize=7052 ok=1
Cmd: compileComputeKernel
  api=15 insize=11985 outsize=3323 ok=1
Cmd: compileComputeKernel
  api=15 insize=11985 outsize=3327 ok=1
Cmd: compileComputeKernel
  api=15 insize=11985 outsize=3367 ok=1
Cmd: compileComputeKernel
  api=15 insize=11985 outsize=3573 ok=1
Cmd: compileComputeKernel
  api=15 insize=11985 outsize=3404 ok=1
Cmd: compileComputeKernel
  api=15 insize=11985 outsize=3589 ok=1
Cmd: compileComputeKernel
  api=18 insize=11985 outsize=6277 ok=1
Cmd: compileComputeKernel
  api=18 insize=11985 outsize=6800 ok=1
Cmd: compileComputeKernel
  api=18 insize=11985 outsize=6338 ok=1
Cmd: compileComputeKernel
  api=15 insize=18301 outsize=4882 ok=1
Cmd: compileComputeKernel
  api=15 insize=18301 outsize=7419 ok=1
Cmd: compileComputeKernel
  api=18 insize=18301 outsize=8397 ok=1
Cmd: compileComputeKernel
  api=18 insize=18301 outsize=14647 ok=1
Cmd: compileComputeKernel
  api=18 insize=18301 outsize=22617 ok=1
Cmd: compileComputeKernel
  api=15 insize=66874 outsize=26442 ok=1
Cmd: compileComputeKernel
  api=15 insize=66874 outsize=3105 ok=1
Cmd: compileComputeKernel
  api=15 insize=66874 outsize=3342 ok=1
Cmd: compileComputeKernel
  api=15 insize=66874 outsize=3422 ok=1
Cmd: compileComputeKernel
  api=15 insize=66874 outsize=3092 ok=1
Cmd: compileComputeKernel
  api=15 insize=66874 outsize=4283 ok=1
Cmd: compileComputeKernel
  api=15 insize=66874 outsize=4284 ok=1
Cmd: compileComputeKernel
  api=15 insize=66874 outsize=4461 ok=1
Cmd: compileComputeKernel
  api=15 insize=66874 outsize=4570 ok=1
Cmd: compileComputeKernel
  api=15 insize=66874 outsize=3212 ok=1
Cmd: compileComputeKernel
  api=15 insize=66874 outsize=3129 ok=1
Cmd: compileComputeKernel
  api=15 insize=66874 outsize=7704 ok=1
Cmd: compileComputeKernel
  api=15 insize=66874 outsize=3999 ok=1
Cmd: compileComputeKernel
  api=15 insize=66874 outsize=2377 ok=1
Cmd: compileComputeKernel
  api=18 insize=66874 outsize=53835 ok=1
Cmd: compileComputeKernel
  api=18 insize=66874 outsize=5955 ok=1
Cmd: compileComputeKernel
  api=18 insize=66874 outsize=5956 ok=1
Cmd: compileComputeKernel
  api=18 insize=66874 outsize=6135 ok=1
Cmd: compileComputeKernel
  api=18 insize=66874 outsize=6159 ok=1
Cmd: compileComputeKernel
  api=18 insize=66874 outsize=8089 ok=1
Cmd: compileComputeKernel
  api=18 insize=66874 outsize=6264 ok=1
Cmd: compileComputeKernel
  api=18 insize=66874 outsize=8067 ok=1
Cmd: compileComputeKernel
  api=18 insize=66874 outsize=9491 ok=1
Cmd: compileComputeKernel
  api=18 insize=66874 outsize=8125 ok=1
Cmd: compileComputeKernel
  api=18 insize=66874 outsize=8733 ok=1
Cmd: compileComputeKernel
  api=18 insize=66874 outsize=6042 ok=1
Cmd: compileComputeKernel
  api=18 insize=66874 outsize=10150 ok=1
Cmd: compileComputeKernel
  api=18 insize=66874 outsize=7322 ok=1
Cmd: compileComputeKernel
  api=18 insize=66874 outsize=8058 ok=1
Cmd: compileComputeKernel
  api=15 insize=72903 outsize=6305 ok=1
Cmd: compileComputeKernel
  api=18 insize=72903 outsize=41380 ok=1
Cmd: compileComputeKernel
  api=18 insize=72903 outsize=13891 ok=1
Cmd: compileComputeKernel
  api=15 insize=34089 outsize=1826 ok=1
Cmd: compileComputeKernel
  api=15 insize=34089 outsize=1944 ok=1
Cmd: compileComputeKernel
  api=15 insize=34089 outsize=2130 ok=1
Cmd: compileComputeKernel
  api=15 insize=34089 outsize=1943 ok=1
Cmd: compileComputeKernel
  api=15 insize=34089 outsize=2257 ok=1
Cmd: compileComputeKernel
  api=15 insize=34089 outsize=1502 ok=1
Cmd: compileComputeKernel
  api=15 insize=34089 outsize=1944 ok=1
Cmd: compileComputeKernel
  api=15 insize=34089 outsize=1611 ok=1
Cmd: compileComputeKernel
  api=15 insize=34089 outsize=4065 ok=1
Cmd: compileComputeKernel
  api=15 insize=34089 outsize=3251 ok=1
Cmd: compileComputeKernel
  api=15 insize=34089 outsize=3314 ok=1
Cmd: compileComputeKernel
  api=15 insize=34089 outsize=3015 ok=1
Cmd: compileComputeKernel
  api=15 insize=34089 outsize=2997 ok=1
Cmd: compileComputeKernel
  api=15 insize=34089 outsize=2961 ok=1
Cmd: compileComputeKernel
  api=15 insize=34089 outsize=3481 ok=1
Cmd: compileComputeKernel
  api=18 insize=34089 outsize=2285 ok=1
Cmd: compileComputeKernel
  api=18 insize=34089 outsize=3173 ok=1
Cmd: compileComputeKernel
  api=18 insize=34089 outsize=3443 ok=1
Cmd: compileComputeKernel
  api=18 insize=34089 outsize=3794 ok=1
Cmd: compileComputeKernel
  api=18 insize=34089 outsize=3407 ok=1
Cmd: compileComputeKernel
  api=18 insize=34089 outsize=2397 ok=1
Cmd: compileComputeKernel
  api=18 insize=34089 outsize=3182 ok=1
Cmd: compileComputeKernel
  api=18 insize=34089 outsize=3403 ok=1
Cmd: compileComputeKernel
  api=18 insize=34089 outsize=5436 ok=1
Cmd: compileComputeKernel
  api=18 insize=34089 outsize=6043 ok=1
Cmd: compileComputeKernel
  api=18 insize=34089 outsize=6212 ok=1
Cmd: compileComputeKernel
  api=18 insize=34089 outsize=5796 ok=1
Cmd: compileComputeKernel
  api=18 insize=34089 outsize=5788 ok=1
Cmd: compileComputeKernel
  api=18 insize=34089 outsize=5680 ok=1
Cmd: compileComputeKernel
  api=18 insize=34089 outsize=6663 ok=1
Cmd: compileComputeKernel
  api=18 insize=34089 outsize=5856 ok=1
Cmd: compileComputeKernel
  api=15 insize=79248 outsize=6149 ok=1
Cmd: compileComputeKernel
  api=15 insize=79248 outsize=20133 ok=1
Cmd: compileComputeKernel
  api=15 insize=79248 outsize=67487 ok=1
Cmd: compileComputeKernel
  api=15 insize=79248 outsize=9409 ok=1
Cmd: compileComputeKernel
  api=15 insize=79248 outsize=9435 ok=1
Cmd: compileComputeKernel
  api=15 insize=79248 outsize=6756 ok=1
Cmd: compileComputeKernel
  api=15 insize=79248 outsize=6757 ok=1
Cmd: compileComputeKernel
  api=15 insize=79248 outsize=8285 ok=1
Cmd: compileComputeKernel
  api=15 insize=79248 outsize=24884 ok=1
Cmd: compileComputeKernel
  api=18 insize=79248 outsize=42248 ok=1
Cmd: compileComputeKernel
  api=18 insize=79248 outsize=77865 ok=1
Cmd: compileComputeKernel
  api=18 insize=79248 outsize=134346 ok=1
Cmd: compileComputeKernel
  api=15 insize=4442 outsize=3897 ok=1
Cmd: compileComputeKernel
  api=15 insize=1900 outsize=6780 ok=1

Quitting shader compiler process
