Base path: '/home/dani/Unity/Hub/Editor/2019.3.14f1/Editor/Data', plugins path '/home/dani/Unity/Hub/Editor/2019.3.14f1/Editor/Data/PlaybackEngines'
Cmd: initializeCompiler
Cmd: compileComputeKernel
  api=15 insize=12109 outsize=2607 ok=1
Cmd: compileComputeKernel
  api=15 insize=12109 outsize=5016 ok=1
Cmd: compileComputeKernel
  api=15 insize=12109 outsize=3758 ok=1
Cmd: compileComputeKernel
  api=18 insize=12109 outsize=6650 ok=1
Cmd: compileComputeKernel
  api=18 insize=12109 outsize=6599 ok=1
Cmd: compileComputeKernel
  api=15 insize=11985 outsize=3326 ok=1
Cmd: compileComputeKernel
  api=15 insize=11985 outsize=3373 ok=1
Cmd: compileComputeKernel
  api=15 insize=11985 outsize=3373 ok=1
Cmd: compileComputeKernel
  api=15 insize=11985 outsize=3589 ok=1
Cmd: compileComputeKernel
  api=18 insize=11985 outsize=6269 ok=1
Cmd: compileComputeKernel
  api=18 insize=11985 outsize=6277 ok=1
Cmd: compileComputeKernel
  api=18 insize=11985 outsize=6338 ok=1
Cmd: compileComputeKernel
  api=18 insize=11985 outsize=6927 ok=1
Cmd: compileComputeKernel
  api=15 insize=18301 outsize=4631 ok=1
Cmd: compileComputeKernel
  api=15 insize=18301 outsize=7343 ok=1
Cmd: compileComputeKernel
  api=18 insize=18301 outsize=14647 ok=1
Cmd: compileComputeKernel
  api=18 insize=18301 outsize=26177 ok=1
Cmd: compileComputeKernel
  api=15 insize=66874 outsize=6659 ok=1
Cmd: compileComputeKernel
  api=15 insize=66874 outsize=5176 ok=1
Cmd: compileComputeKernel
  api=15 insize=66874 outsize=3768 ok=1
Cmd: compileComputeKernel
  api=15 insize=66874 outsize=3270 ok=1
Cmd: compileComputeKernel
  api=15 insize=66874 outsize=3850 ok=1
Cmd: compileComputeKernel
  api=15 insize=66874 outsize=3134 ok=1
Cmd: compileComputeKernel
  api=15 insize=66874 outsize=3092 ok=1
Cmd: compileComputeKernel
  api=15 insize=66874 outsize=3105 ok=1
Cmd: compileComputeKernel
  api=15 insize=66874 outsize=3134 ok=1
Cmd: compileComputeKernel
  api=15 insize=66874 outsize=4238 ok=1
Cmd: compileComputeKernel
  api=15 insize=66874 outsize=3132 ok=1
Cmd: compileComputeKernel
  api=15 insize=66874 outsize=4280 ok=1
Cmd: compileComputeKernel
  api=15 insize=66874 outsize=5045 ok=1
Cmd: compileComputeKernel
  api=15 insize=66874 outsize=4284 ok=1
Cmd: compileComputeKernel
  api=15 insize=66874 outsize=4323 ok=1
Cmd: compileComputeKernel
  api=15 insize=66874 outsize=4571 ok=1
Cmd: compileComputeKernel
  api=15 insize=66874 outsize=3213 ok=1
Cmd: compileComputeKernel
  api=15 insize=66874 outsize=7704 ok=1
Cmd: compileComputeKernel
  api=15 insize=66874 outsize=3974 ok=1
Cmd: compileComputeKernel
  api=15 insize=66874 outsize=2377 ok=1
Cmd: compileComputeKernel
  api=18 insize=66874 outsize=54803 ok=1
Cmd: compileComputeKernel
  api=18 insize=66874 outsize=7339 ok=1
Cmd: compileComputeKernel
  api=18 insize=66874 outsize=6846 ok=1
Cmd: compileComputeKernel
  api=18 insize=66874 outsize=5956 ok=1
Cmd: compileComputeKernel
  api=18 insize=66874 outsize=5974 ok=1
Cmd: compileComputeKernel
  api=18 insize=66874 outsize=6568 ok=1
Cmd: compileComputeKernel
  api=18 insize=66874 outsize=6583 ok=1
Cmd: compileComputeKernel
  api=18 insize=66874 outsize=5956 ok=1
Cmd: compileComputeKernel
  api=18 insize=66874 outsize=6264 ok=1
Cmd: compileComputeKernel
  api=18 insize=66874 outsize=8059 ok=1
Cmd: compileComputeKernel
  api=18 insize=66874 outsize=8120 ok=1
Cmd: compileComputeKernel
  api=18 insize=66874 outsize=8750 ok=1
Cmd: compileComputeKernel
  api=18 insize=66874 outsize=6326 ok=1
Cmd: compileComputeKernel
  api=18 insize=66874 outsize=12872 ok=1
Cmd: compileComputeKernel
  api=18 insize=66874 outsize=6537 ok=1
Cmd: compileComputeKernel
  api=18 insize=66874 outsize=6450 ok=1
Cmd: compileComputeKernel
  api=15 insize=72903 outsize=25525 ok=1
Cmd: compileComputeKernel
  api=15 insize=72903 outsize=12024 ok=1
Cmd: compileComputeKernel
  api=15 insize=34089 outsize=1942 ok=1
Cmd: compileComputeKernel
  api=15 insize=34089 outsize=1536 ok=1
Cmd: compileComputeKernel
  api=15 insize=34089 outsize=2133 ok=1
Cmd: compileComputeKernel
  api=15 insize=34089 outsize=2071 ok=1
Cmd: compileComputeKernel
  api=15 insize=34089 outsize=1918 ok=1
Cmd: compileComputeKernel
  api=15 insize=34089 outsize=2013 ok=1
Cmd: compileComputeKernel
  api=15 insize=34089 outsize=2005 ok=1
Cmd: compileComputeKernel
  api=15 insize=34089 outsize=2658 ok=1
Cmd: compileComputeKernel
  api=15 insize=34089 outsize=3258 ok=1
Cmd: compileComputeKernel
  api=15 insize=34089 outsize=3048 ok=1
Cmd: compileComputeKernel
  api=15 insize=34089 outsize=3045 ok=1
Cmd: compileComputeKernel
  api=15 insize=34089 outsize=3045 ok=1
Cmd: compileComputeKernel
  api=15 insize=34089 outsize=3009 ok=1
Cmd: compileComputeKernel
  api=15 insize=34089 outsize=3057 ok=1
Cmd: compileComputeKernel
  api=18 insize=34089 outsize=2269 ok=1
Cmd: compileComputeKernel
  api=18 insize=34089 outsize=3183 ok=1
Cmd: compileComputeKernel
  api=18 insize=34089 outsize=2310 ok=1
Cmd: compileComputeKernel
  api=18 insize=34089 outsize=3449 ok=1
Cmd: compileComputeKernel
  api=18 insize=34089 outsize=3488 ok=1
Cmd: compileComputeKernel
  api=18 insize=34089 outsize=3425 ok=1
Cmd: compileComputeKernel
  api=18 insize=34089 outsize=4766 ok=1
Cmd: compileComputeKernel
  api=18 insize=34089 outsize=5605 ok=1
Cmd: compileComputeKernel
  api=18 insize=34089 outsize=7549 ok=1
Cmd: compileComputeKernel
  api=18 insize=34089 outsize=5595 ok=1
Cmd: compileComputeKernel
  api=18 insize=34089 outsize=5905 ok=1
Cmd: compileComputeKernel
  api=18 insize=34089 outsize=5820 ok=1
Cmd: compileComputeKernel
  api=18 insize=34089 outsize=5637 ok=1
Cmd: compileComputeKernel
  api=18 insize=34089 outsize=6663 ok=1
Cmd: compileComputeKernel
  api=18 insize=34089 outsize=5856 ok=1
Cmd: compileComputeKernel
  api=15 insize=79248 outsize=30486 ok=1
Cmd: compileComputeKernel
  api=15 insize=79248 outsize=69219 ok=1
Cmd: compileComputeKernel
  api=15 insize=79248 outsize=6756 ok=1
Cmd: compileComputeKernel
  api=15 insize=79248 outsize=8285 ok=1
Cmd: compileComputeKernel
  api=18 insize=79248 outsize=42248 ok=1
Cmd: compileComputeKernel
  api=18 insize=79248 outsize=77865 ok=1
Cmd: compileComputeKernel
  api=18 insize=79248 outsize=112814 ok=1
Cmd: compileComputeKernel
  api=15 insize=4442 outsize=3897 ok=1

Quitting shader compiler process
