Base path: '/home/dani/Unity/Hub/Editor/2019.3.14f1/Editor/Data', plugins path '/home/dani/Unity/Hub/Editor/2019.3.14f1/Editor/Data/PlaybackEngines'
Cmd: initializeCompiler
Cmd: compileComputeKernel
  api=15 insize=12109 outsize=2868 ok=1
Cmd: compileComputeKernel
  api=18 insize=12109 outsize=5010 ok=1
Cmd: compileComputeKernel
  api=18 insize=12109 outsize=7647 ok=1
Cmd: compileComputeKernel
  api=18 insize=12109 outsize=9807 ok=1
Cmd: compileComputeKernel
  api=15 insize=11985 outsize=3323 ok=1
Cmd: compileComputeKernel
  api=15 insize=11985 outsize=3327 ok=1
Cmd: compileComputeKernel
  api=15 insize=11985 outsize=3364 ok=1
Cmd: compileComputeKernel
  api=18 insize=11985 outsize=6269 ok=1
Cmd: compileComputeKernel
  api=18 insize=11985 outsize=7721 ok=1
Cmd: compileComputeKernel
  api=18 insize=11985 outsize=6800 ok=1
Cmd: compileComputeKernel
  api=18 insize=11985 outsize=7000 ok=1
Cmd: compileComputeKernel
  api=15 insize=18301 outsize=7565 ok=1
Cmd: compileComputeKernel
  api=18 insize=18301 outsize=8993 ok=1
Cmd: compileComputeKernel
  api=18 insize=18301 outsize=8361 ok=1
Cmd: compileComputeKernel
  api=18 insize=18301 outsize=14819 ok=1
Cmd: compileComputeKernel
  api=18 insize=18301 outsize=22617 ok=1
Cmd: compileComputeKernel
  api=15 insize=66874 outsize=26768 ok=1
Cmd: compileComputeKernel
  api=15 insize=66874 outsize=3090 ok=1
Cmd: compileComputeKernel
  api=15 insize=66874 outsize=3219 ok=1
Cmd: compileComputeKernel
  api=15 insize=66874 outsize=3429 ok=1
Cmd: compileComputeKernel
  api=15 insize=66874 outsize=3134 ok=1
Cmd: compileComputeKernel
  api=15 insize=66874 outsize=3132 ok=1
Cmd: compileComputeKernel
  api=15 insize=66874 outsize=3127 ok=1
Cmd: compileComputeKernel
  api=15 insize=66874 outsize=4283 ok=1
Cmd: compileComputeKernel
  api=15 insize=66874 outsize=4330 ok=1
Cmd: compileComputeKernel
  api=15 insize=66874 outsize=4570 ok=1
Cmd: compileComputeKernel
  api=15 insize=66874 outsize=4571 ok=1
Cmd: compileComputeKernel
  api=15 insize=66874 outsize=3198 ok=1
Cmd: compileComputeKernel
  api=15 insize=66874 outsize=7173 ok=1
Cmd: compileComputeKernel
  api=15 insize=66874 outsize=3299 ok=1
Cmd: compileComputeKernel
  api=15 insize=66874 outsize=3253 ok=1
Cmd: compileComputeKernel
  api=18 insize=66874 outsize=12482 ok=1
Cmd: compileComputeKernel
  api=18 insize=66874 outsize=12771 ok=1
Cmd: compileComputeKernel
  api=18 insize=66874 outsize=6761 ok=1
Cmd: compileComputeKernel
  api=18 insize=66874 outsize=6737 ok=1
Cmd: compileComputeKernel
  api=18 insize=66874 outsize=9309 ok=1
Cmd: compileComputeKernel
  api=18 insize=66874 outsize=7373 ok=1
Cmd: compileComputeKernel
  api=18 insize=66874 outsize=6056 ok=1
Cmd: compileComputeKernel
  api=18 insize=66874 outsize=5947 ok=1
Cmd: compileComputeKernel
  api=18 insize=66874 outsize=7219 ok=1
Cmd: compileComputeKernel
  api=18 insize=66874 outsize=6135 ok=1
Cmd: compileComputeKernel
  api=18 insize=66874 outsize=6159 ok=1
Cmd: compileComputeKernel
  api=18 insize=66874 outsize=6195 ok=1
Cmd: compileComputeKernel
  api=18 insize=66874 outsize=8051 ok=1
Cmd: compileComputeKernel
  api=18 insize=66874 outsize=8051 ok=1
Cmd: compileComputeKernel
  api=18 insize=66874 outsize=8128 ok=1
Cmd: compileComputeKernel
  api=18 insize=66874 outsize=8733 ok=1
Cmd: compileComputeKernel
  api=18 insize=66874 outsize=6101 ok=1
Cmd: compileComputeKernel
  api=18 insize=66874 outsize=10434 ok=1
Cmd: compileComputeKernel
  api=18 insize=66874 outsize=7322 ok=1
Cmd: compileComputeKernel
  api=18 insize=66874 outsize=8130 ok=1
Cmd: compileComputeKernel
  api=18 insize=72903 outsize=23085 ok=1
Cmd: compileComputeKernel
  api=15 insize=34089 outsize=1826 ok=1
Cmd: compileComputeKernel
  api=15 insize=34089 outsize=1964 ok=1
Cmd: compileComputeKernel
  api=15 insize=34089 outsize=1948 ok=1
Cmd: compileComputeKernel
  api=15 insize=34089 outsize=1577 ok=1
Cmd: compileComputeKernel
  api=15 insize=34089 outsize=2068 ok=1
Cmd: compileComputeKernel
  api=15 insize=34089 outsize=1983 ok=1
Cmd: compileComputeKernel
  api=15 insize=34089 outsize=1502 ok=1
Cmd: compileComputeKernel
  api=15 insize=34089 outsize=2966 ok=1
Cmd: compileComputeKernel
  api=15 insize=34089 outsize=2626 ok=1
Cmd: compileComputeKernel
  api=15 insize=34089 outsize=3258 ok=1
Cmd: compileComputeKernel
  api=15 insize=34089 outsize=3173 ok=1
Cmd: compileComputeKernel
  api=15 insize=34089 outsize=3099 ok=1
Cmd: compileComputeKernel
  api=15 insize=34089 outsize=3044 ok=1
Cmd: compileComputeKernel
  api=15 insize=34089 outsize=3482 ok=1
Cmd: compileComputeKernel
  api=15 insize=34089 outsize=3110 ok=1
Cmd: compileComputeKernel
  api=15 insize=34089 outsize=3063 ok=1
Cmd: compileComputeKernel
  api=18 insize=34089 outsize=2300 ok=1
Cmd: compileComputeKernel
  api=18 insize=34089 outsize=3275 ok=1
Cmd: compileComputeKernel
  api=18 insize=34089 outsize=4209 ok=1
Cmd: compileComputeKernel
  api=18 insize=34089 outsize=3914 ok=1
Cmd: compileComputeKernel
  api=18 insize=34089 outsize=2286 ok=1
Cmd: compileComputeKernel
  api=18 insize=34089 outsize=3421 ok=1
Cmd: compileComputeKernel
  api=18 insize=34089 outsize=5678 ok=1
Cmd: compileComputeKernel
  api=18 insize=34089 outsize=6043 ok=1
Cmd: compileComputeKernel
  api=18 insize=34089 outsize=6229 ok=1
Cmd: compileComputeKernel
  api=18 insize=34089 outsize=5905 ok=1
Cmd: compileComputeKernel
  api=18 insize=34089 outsize=5648 ok=1
Cmd: compileComputeKernel
  api=18 insize=34089 outsize=5648 ok=1
Cmd: compileComputeKernel
  api=18 insize=34089 outsize=5655 ok=1
Cmd: compileComputeKernel
  api=15 insize=79248 outsize=17450 ok=1
Cmd: compileComputeKernel
  api=15 insize=79248 outsize=56728 ok=1
Cmd: compileComputeKernel
  api=15 insize=79248 outsize=9409 ok=1
Cmd: compileComputeKernel
  api=15 insize=79248 outsize=9435 ok=1
Cmd: compileComputeKernel
  api=15 insize=79248 outsize=6757 ok=1
Cmd: compileComputeKernel
  api=15 insize=79248 outsize=3380 ok=1
Cmd: compileComputeKernel
  api=15 insize=79248 outsize=4181 ok=1
Cmd: compileComputeKernel
  api=15 insize=79248 outsize=26168 ok=1
Cmd: compileComputeKernel
  api=18 insize=79248 outsize=37545 ok=1
Cmd: compileComputeKernel
  api=18 insize=79248 outsize=96977 ok=1
Cmd: compileComputeKernel
  api=18 insize=79248 outsize=8261 ok=1
Cmd: compileComputeKernel
  api=18 insize=79248 outsize=56972 ok=1
Cmd: compileComputeKernel
  api=15 insize=4442 outsize=3364 ok=1
Cmd: compileComputeKernel
  api=18 insize=4442 outsize=5885 ok=1
Cmd: compileComputeKernel
  api=18 insize=4442 outsize=7990 ok=1

Quitting shader compiler process
