Base path: '/home/dani/Unity/Hub/Editor/2019.3.14f1/Editor/Data', plugins path '/home/dani/Unity/Hub/Editor/2019.3.14f1/Editor/Data/PlaybackEngines'
Cmd: initializeCompiler
Cmd: compileComputeKernel
  api=15 insize=12109 outsize=2607 ok=1
Cmd: compileComputeKernel
  api=15 insize=12109 outsize=4893 ok=1
Cmd: compileComputeKernel
  api=18 insize=12109 outsize=4503 ok=1
Cmd: compileComputeKernel
  api=18 insize=12109 outsize=6563 ok=1
Cmd: compileComputeKernel
  api=15 insize=11985 outsize=3323 ok=1
Cmd: compileComputeKernel
  api=15 insize=11985 outsize=3327 ok=1
Cmd: compileComputeKernel
  api=15 insize=11985 outsize=3367 ok=1
Cmd: compileComputeKernel
  api=18 insize=11985 outsize=6285 ok=1
Cmd: compileComputeKernel
  api=18 insize=11985 outsize=6269 ok=1
Cmd: compileComputeKernel
  api=18 insize=11985 outsize=7721 ok=1
Cmd: compileComputeKernel
  api=18 insize=11985 outsize=6927 ok=1
Cmd: compileComputeKernel
  api=18 insize=11985 outsize=7000 ok=1
Cmd: compileComputeKernel
  api=15 insize=18301 outsize=4631 ok=1
Cmd: compileComputeKernel
  api=15 insize=18301 outsize=7165 ok=1
Cmd: compileComputeKernel
  api=18 insize=18301 outsize=8361 ok=1
Cmd: compileComputeKernel
  api=18 insize=18301 outsize=8397 ok=1
Cmd: compileComputeKernel
  api=18 insize=18301 outsize=14819 ok=1
Cmd: compileComputeKernel
  api=18 insize=18301 outsize=22617 ok=1
Cmd: compileComputeKernel
  api=15 insize=66874 outsize=26768 ok=1
Cmd: compileComputeKernel
  api=15 insize=66874 outsize=3094 ok=1
Cmd: compileComputeKernel
  api=15 insize=66874 outsize=3653 ok=1
Cmd: compileComputeKernel
  api=15 insize=66874 outsize=3186 ok=1
Cmd: compileComputeKernel
  api=15 insize=66874 outsize=3131 ok=1
Cmd: compileComputeKernel
  api=15 insize=66874 outsize=3831 ok=1
Cmd: compileComputeKernel
  api=15 insize=66874 outsize=5045 ok=1
Cmd: compileComputeKernel
  api=15 insize=66874 outsize=4461 ok=1
Cmd: compileComputeKernel
  api=15 insize=66874 outsize=4330 ok=1
Cmd: compileComputeKernel
  api=15 insize=66874 outsize=4571 ok=1
Cmd: compileComputeKernel
  api=15 insize=66874 outsize=3130 ok=1
Cmd: compileComputeKernel
  api=15 insize=66874 outsize=7704 ok=1
Cmd: compileComputeKernel
  api=15 insize=66874 outsize=5613 ok=1
Cmd: compileComputeKernel
  api=18 insize=66874 outsize=7530 ok=1
Cmd: compileComputeKernel
  api=18 insize=66874 outsize=11947 ok=1
Cmd: compileComputeKernel
  api=18 insize=66874 outsize=7250 ok=1
Cmd: compileComputeKernel
  api=18 insize=66874 outsize=6761 ok=1
Cmd: compileComputeKernel
  api=18 insize=66874 outsize=6761 ok=1
Cmd: compileComputeKernel
  api=18 insize=66874 outsize=9237 ok=1
Cmd: compileComputeKernel
  api=18 insize=66874 outsize=7307 ok=1
Cmd: compileComputeKernel
  api=18 insize=66874 outsize=13131 ok=1
Cmd: compileComputeKernel
  api=18 insize=66874 outsize=5957 ok=1
Cmd: compileComputeKernel
  api=18 insize=66874 outsize=7338 ok=1
Cmd: compileComputeKernel
  api=18 insize=66874 outsize=6135 ok=1
Cmd: compileComputeKernel
  api=18 insize=66874 outsize=6019 ok=1
Cmd: compileComputeKernel
  api=18 insize=66874 outsize=6195 ok=1
Cmd: compileComputeKernel
  api=18 insize=66874 outsize=7448 ok=1
Cmd: compileComputeKernel
  api=18 insize=66874 outsize=8059 ok=1
Cmd: compileComputeKernel
  api=18 insize=66874 outsize=8128 ok=1
Cmd: compileComputeKernel
  api=18 insize=66874 outsize=8125 ok=1
Cmd: compileComputeKernel
  api=18 insize=66874 outsize=6101 ok=1
Cmd: compileComputeKernel
  api=18 insize=66874 outsize=6110 ok=1
Cmd: compileComputeKernel
  api=18 insize=66874 outsize=16144 ok=1
Cmd: compileComputeKernel
  api=18 insize=66874 outsize=6455 ok=1
Cmd: compileComputeKernel
  api=18 insize=66874 outsize=9719 ok=1
Cmd: compileComputeKernel
  api=15 insize=72903 outsize=7289 ok=1
Cmd: compileComputeKernel
  api=18 insize=72903 outsize=35528 ok=1
Cmd: compileComputeKernel
  api=15 insize=34089 outsize=1495 ok=1
Cmd: compileComputeKernel
  api=15 insize=34089 outsize=1832 ok=1
Cmd: compileComputeKernel
  api=15 insize=34089 outsize=1986 ok=1
Cmd: compileComputeKernel
  api=15 insize=34089 outsize=2257 ok=1
Cmd: compileComputeKernel
  api=15 insize=34089 outsize=1944 ok=1
Cmd: compileComputeKernel
  api=15 insize=34089 outsize=1871 ok=1
Cmd: compileComputeKernel
  api=15 insize=34089 outsize=1995 ok=1
Cmd: compileComputeKernel
  api=15 insize=34089 outsize=3000 ok=1
Cmd: compileComputeKernel
  api=15 insize=34089 outsize=3264 ok=1
Cmd: compileComputeKernel
  api=15 insize=34089 outsize=3267 ok=1
Cmd: compileComputeKernel
  api=15 insize=34089 outsize=3099 ok=1
Cmd: compileComputeKernel
  api=15 insize=34089 outsize=2961 ok=1
Cmd: compileComputeKernel
  api=15 insize=34089 outsize=3045 ok=1
Cmd: compileComputeKernel
  api=15 insize=34089 outsize=3481 ok=1
Cmd: compileComputeKernel
  api=18 insize=34089 outsize=2285 ok=1
Cmd: compileComputeKernel
  api=18 insize=34089 outsize=2286 ok=1
Cmd: compileComputeKernel
  api=18 insize=34089 outsize=3202 ok=1
Cmd: compileComputeKernel
  api=18 insize=34089 outsize=3275 ok=1
Cmd: compileComputeKernel
  api=18 insize=34089 outsize=3794 ok=1
Cmd: compileComputeKernel
  api=18 insize=34089 outsize=3245 ok=1
Cmd: compileComputeKernel
  api=18 insize=34089 outsize=3245 ok=1
Cmd: compileComputeKernel
  api=18 insize=34089 outsize=3523 ok=1
Cmd: compileComputeKernel
  api=18 insize=34089 outsize=7549 ok=1
Cmd: compileComputeKernel
  api=18 insize=34089 outsize=6212 ok=1
Cmd: compileComputeKernel
  api=18 insize=34089 outsize=5641 ok=1
Cmd: compileComputeKernel
  api=18 insize=34089 outsize=6106 ok=1
Cmd: compileComputeKernel
  api=18 insize=34089 outsize=5479 ok=1
Cmd: compileComputeKernel
  api=18 insize=34089 outsize=5648 ok=1
Cmd: compileComputeKernel
  api=18 insize=34089 outsize=6702 ok=1
Cmd: compileComputeKernel
  api=15 insize=79248 outsize=17450 ok=1
Cmd: compileComputeKernel
  api=15 insize=79248 outsize=56728 ok=1
Cmd: compileComputeKernel
  api=15 insize=79248 outsize=9409 ok=1
Cmd: compileComputeKernel
  api=15 insize=79248 outsize=9435 ok=1
Cmd: compileComputeKernel
  api=15 insize=79248 outsize=6756 ok=1
Cmd: compileComputeKernel
  api=15 insize=79248 outsize=6757 ok=1
Cmd: compileComputeKernel
  api=15 insize=79248 outsize=8285 ok=1
Cmd: compileComputeKernel
  api=15 insize=79248 outsize=24884 ok=1
Cmd: compileComputeKernel
  api=18 insize=79248 outsize=49752 ok=1
Cmd: compileComputeKernel
  api=18 insize=79248 outsize=90437 ok=1
Cmd: compileComputeKernel
  api=18 insize=79248 outsize=6992 ok=1
Cmd: compileComputeKernel
  api=18 insize=79248 outsize=8505 ok=1
Cmd: compileComputeKernel
  api=18 insize=79248 outsize=8261 ok=1
Cmd: compileComputeKernel
  api=18 insize=79248 outsize=22367 ok=1
Cmd: compileComputeKernel
  api=18 insize=79248 outsize=51936 ok=1
Cmd: compileComputeKernel
  api=15 insize=4442 outsize=3784 ok=1
Cmd: compileComputeKernel
  api=18 insize=4442 outsize=5841 ok=1
Cmd: compileComputeKernel
  api=15 insize=1900 outsize=6780 ok=1
Cmd: compileSnippet
  api=15 type=0 insize=1602 outsize=18076 kw=UNITY_PASS_FORWARDBASE DIRECTIONAL SHADOWS_SCREEN LIGHTPROBE_SH pd=UNITY_ENABLE_REFLECTION_BUFFERS UNITY_USE_DITHER_MASK_FOR_ALPHABLENDED_SHADOWS UNITY_PBS_USE_BRDF1 UNITY_SPECCUBE_BOX_PROJECTION UNITY_SPECCUBE_BLENDING UNITY_ENABLE_DETAIL_NORMALMAP SHADER_API_DESKTOP UNITY_COLORSPACE_GAMMA UNITY_LIGHT_PROBE_PROXY_VOLUME UNITY_LIGHTMAP_FULL_HDR ok=1

Quitting shader compiler process
