Base path: '/home/dani/Unity/Hub/Editor/2019.3.14f1/Editor/Data', plugins path '/home/dani/Unity/Hub/Editor/2019.3.14f1/Editor/Data/PlaybackEngines'
Cmd: initializeCompiler
Cmd: compileComputeKernel
  api=15 insize=12109 outsize=3608 ok=1
Cmd: compileComputeKernel
  api=15 insize=12109 outsize=5016 ok=1
Cmd: compileComputeKernel
  api=18 insize=12109 outsize=6650 ok=1
Cmd: compileComputeKernel
  api=18 insize=12109 outsize=7068 ok=1
Cmd: compileComputeKernel
  api=18 insize=12109 outsize=7052 ok=1
Cmd: compileComputeKernel
  api=15 insize=11985 outsize=3323 ok=1
Cmd: compileComputeKernel
  api=15 insize=11985 outsize=3509 ok=1
Cmd: compileComputeKernel
  api=15 insize=11985 outsize=3367 ok=1
Cmd: compileComputeKernel
  api=15 insize=11985 outsize=3573 ok=1
Cmd: compileComputeKernel
  api=15 insize=11985 outsize=3589 ok=1
Cmd: compileComputeKernel
  api=18 insize=11985 outsize=6269 ok=1
Cmd: compileComputeKernel
  api=18 insize=11985 outsize=6277 ok=1
Cmd: compileComputeKernel
  api=18 insize=11985 outsize=6346 ok=1
Cmd: compileComputeKernel
  api=18 insize=11985 outsize=6343 ok=1
Cmd: compileComputeKernel
  api=15 insize=18301 outsize=7565 ok=1
Cmd: compileComputeKernel
  api=15 insize=18301 outsize=7419 ok=1
Cmd: compileComputeKernel
  api=18 insize=18301 outsize=8953 ok=1
Cmd: compileComputeKernel
  api=18 insize=18301 outsize=8993 ok=1
Cmd: compileComputeKernel
  api=18 insize=18301 outsize=14647 ok=1
Cmd: compileComputeKernel
  api=18 insize=18301 outsize=26177 ok=1
Cmd: compileComputeKernel
  api=15 insize=66874 outsize=6659 ok=1
Cmd: compileComputeKernel
  api=15 insize=66874 outsize=5135 ok=1
Cmd: compileComputeKernel
  api=15 insize=66874 outsize=5425 ok=1
Cmd: compileComputeKernel
  api=15 insize=66874 outsize=3395 ok=1
Cmd: compileComputeKernel
  api=15 insize=66874 outsize=3270 ok=1
Cmd: compileComputeKernel
  api=15 insize=66874 outsize=3850 ok=1
Cmd: compileComputeKernel
  api=15 insize=66874 outsize=3134 ok=1
Cmd: compileComputeKernel
  api=15 insize=66874 outsize=3105 ok=1
Cmd: compileComputeKernel
  api=15 insize=66874 outsize=3722 ok=1
Cmd: compileComputeKernel
  api=15 insize=66874 outsize=3209 ok=1
Cmd: compileComputeKernel
  api=15 insize=66874 outsize=3132 ok=1
Cmd: compileComputeKernel
  api=15 insize=66874 outsize=3197 ok=1
Cmd: compileComputeKernel
  api=15 insize=66874 outsize=4280 ok=1
Cmd: compileComputeKernel
  api=15 insize=66874 outsize=4461 ok=1
Cmd: compileComputeKernel
  api=15 insize=66874 outsize=4330 ok=1
Cmd: compileComputeKernel
  api=15 insize=66874 outsize=4570 ok=1
Cmd: compileComputeKernel
  api=15 insize=66874 outsize=3145 ok=1
Cmd: compileComputeKernel
  api=15 insize=66874 outsize=4587 ok=1
Cmd: compileComputeKernel
  api=15 insize=66874 outsize=3589 ok=1
Cmd: compileComputeKernel
  api=15 insize=66874 outsize=5635 ok=1
Cmd: compileComputeKernel
  api=15 insize=66874 outsize=5256 ok=1
Cmd: compileComputeKernel
  api=18 insize=66874 outsize=12771 ok=1
Cmd: compileComputeKernel
  api=18 insize=66874 outsize=10286 ok=1
Cmd: compileComputeKernel
  api=18 insize=66874 outsize=7797 ok=1
Cmd: compileComputeKernel
  api=18 insize=66874 outsize=9185 ok=1
Cmd: compileComputeKernel
  api=18 insize=66874 outsize=7373 ok=1
Cmd: compileComputeKernel
  api=18 insize=66874 outsize=6846 ok=1
Cmd: compileComputeKernel
  api=18 insize=66874 outsize=5955 ok=1
Cmd: compileComputeKernel
  api=18 insize=66874 outsize=7338 ok=1
Cmd: compileComputeKernel
  api=18 insize=66874 outsize=6135 ok=1
Cmd: compileComputeKernel
  api=18 insize=66874 outsize=6159 ok=1
Cmd: compileComputeKernel
  api=18 insize=66874 outsize=7605 ok=1
Cmd: compileComputeKernel
  api=18 insize=66874 outsize=8051 ok=1
Cmd: compileComputeKernel
  api=18 insize=66874 outsize=8051 ok=1
Cmd: compileComputeKernel
  api=18 insize=66874 outsize=8120 ok=1
Cmd: compileComputeKernel
  api=18 insize=66874 outsize=8121 ok=1
Cmd: compileComputeKernel
  api=18 insize=66874 outsize=8734 ok=1
Cmd: compileComputeKernel
  api=18 insize=66874 outsize=6326 ok=1
Cmd: compileComputeKernel
  api=18 insize=66874 outsize=15408 ok=1
Cmd: compileComputeKernel
  api=18 insize=66874 outsize=7928 ok=1
Cmd: compileComputeKernel
  api=18 insize=66874 outsize=6450 ok=1
Cmd: compileComputeKernel
  api=15 insize=72903 outsize=16987 ok=1
Cmd: compileComputeKernel
  api=18 insize=72903 outsize=13891 ok=1
Cmd: compileComputeKernel
  api=15 insize=34089 outsize=1942 ok=1
Cmd: compileComputeKernel
  api=15 insize=34089 outsize=1536 ok=1
Cmd: compileComputeKernel
  api=15 insize=34089 outsize=2133 ok=1
Cmd: compileComputeKernel
  api=15 insize=34089 outsize=1943 ok=1
Cmd: compileComputeKernel
  api=15 insize=34089 outsize=1940 ok=1
Cmd: compileComputeKernel
  api=15 insize=34089 outsize=1828 ok=1
Cmd: compileComputeKernel
  api=15 insize=34089 outsize=2013 ok=1
Cmd: compileComputeKernel
  api=15 insize=34089 outsize=2049 ok=1
Cmd: compileComputeKernel
  api=15 insize=34089 outsize=3251 ok=1
Cmd: compileComputeKernel
  api=15 insize=34089 outsize=3314 ok=1
Cmd: compileComputeKernel
  api=15 insize=34089 outsize=3048 ok=1
Cmd: compileComputeKernel
  api=15 insize=34089 outsize=3015 ok=1
Cmd: compileComputeKernel
  api=15 insize=34089 outsize=2921 ok=1
Cmd: compileComputeKernel
  api=15 insize=34089 outsize=3057 ok=1
Cmd: compileComputeKernel
  api=18 insize=34089 outsize=3416 ok=1
Cmd: compileComputeKernel
  api=18 insize=34089 outsize=3183 ok=1
Cmd: compileComputeKernel
  api=18 insize=34089 outsize=3443 ok=1
Cmd: compileComputeKernel
  api=18 insize=34089 outsize=4037 ok=1
Cmd: compileComputeKernel
  api=18 insize=34089 outsize=2609 ok=1
Cmd: compileComputeKernel
  api=18 insize=34089 outsize=3385 ok=1
Cmd: compileComputeKernel
  api=18 insize=34089 outsize=3425 ok=1
Cmd: compileComputeKernel
  api=18 insize=34089 outsize=3421 ok=1
Cmd: compileComputeKernel
  api=18 insize=34089 outsize=5436 ok=1
Cmd: compileComputeKernel
  api=18 insize=34089 outsize=6043 ok=1
Cmd: compileComputeKernel
  api=18 insize=34089 outsize=6229 ok=1
Cmd: compileComputeKernel
  api=18 insize=34089 outsize=5764 ok=1
Cmd: compileComputeKernel
  api=18 insize=34089 outsize=5820 ok=1
Cmd: compileComputeKernel
  api=18 insize=34089 outsize=5479 ok=1
Cmd: compileComputeKernel
  api=18 insize=34089 outsize=5585 ok=1
Cmd: compileComputeKernel
  api=18 insize=34089 outsize=5824 ok=1
Cmd: compileComputeKernel
  api=15 insize=79248 outsize=6185 ok=1
Cmd: compileComputeKernel
  api=15 insize=79248 outsize=20133 ok=1
Cmd: compileComputeKernel
  api=15 insize=79248 outsize=47628 ok=1
Cmd: compileComputeKernel
  api=15 insize=79248 outsize=59941 ok=1
Cmd: compileComputeKernel
  api=18 insize=79248 outsize=93206 ok=1
Cmd: compileComputeKernel
  api=15 insize=4442 outsize=3897 ok=1
Cmd: compileComputeKernel
  api=18 insize=4442 outsize=5885 ok=1
Cmd: compileComputeKernel
  api=18 insize=4442 outsize=7834 ok=1
Cmd: compileComputeKernel
  api=18 insize=4442 outsize=7990 ok=1
Cmd: compileSnippet
  api=15 type=0 insize=11846 outsize=13423 kw=SHADOWS_SPLIT_SPHERES pd=UNITY_ENABLE_REFLECTION_BUFFERS UNITY_USE_DITHER_MASK_FOR_ALPHABLENDED_SHADOWS UNITY_PBS_USE_BRDF1 UNITY_SPECCUBE_BOX_PROJECTION UNITY_SPECCUBE_BLENDING UNITY_ENABLE_DETAIL_NORMALMAP SHADER_API_DESKTOP UNITY_COLORSPACE_GAMMA UNITY_LIGHT_PROBE_PROXY_VOLUME UNITY_LIGHTMAP_FULL_HDR ok=1
Cmd: compileSnippet
  api=15 type=1 insize=16577 outsize=0 kw=_SUNDISK_SIMPLE pd=UNITY_ENABLE_REFLECTION_BUFFERS UNITY_USE_DITHER_MASK_FOR_ALPHABLENDED_SHADOWS UNITY_PBS_USE_BRDF1 UNITY_SPECCUBE_BOX_PROJECTION UNITY_SPECCUBE_BLENDING UNITY_ENABLE_DETAIL_NORMALMAP SHADER_API_DESKTOP UNITY_COLORSPACE_GAMMA UNITY_LIGHT_PROBE_PROXY_VOLUME UNITY_LIGHTMAP_FULL_HDR ok=1

Quitting shader compiler process
