Base path: '/home/dani/Unity/Hub/Editor/2019.3.14f1/Editor/Data', plugins path '/home/dani/Unity/Hub/Editor/2019.3.14f1/Editor/Data/PlaybackEngines'
Cmd: initializeCompiler
Cmd: compileComputeKernel
  api=15 insize=12109 outsize=2706 ok=1
Cmd: compileComputeKernel
  api=15 insize=12109 outsize=3008 ok=1
Cmd: compileComputeKernel
  api=18 insize=12109 outsize=6650 ok=1
Cmd: compileComputeKernel
  api=18 insize=12109 outsize=4503 ok=1
Cmd: compileComputeKernel
  api=18 insize=12109 outsize=6599 ok=1
Cmd: compileComputeKernel
  api=15 insize=11985 outsize=3323 ok=1
Cmd: compileComputeKernel
  api=15 insize=11985 outsize=3367 ok=1
Cmd: compileComputeKernel
  api=15 insize=11985 outsize=3364 ok=1
Cmd: compileComputeKernel
  api=18 insize=11985 outsize=6269 ok=1
Cmd: compileComputeKernel
  api=18 insize=11985 outsize=6277 ok=1
Cmd: compileComputeKernel
  api=18 insize=11985 outsize=6277 ok=1
Cmd: compileComputeKernel
  api=18 insize=11985 outsize=6339 ok=1
Cmd: compileComputeKernel
  api=15 insize=18301 outsize=7275 ok=1
Cmd: compileComputeKernel
  api=15 insize=18301 outsize=11846 ok=1
Cmd: compileComputeKernel
  api=18 insize=18301 outsize=25525 ok=1
Cmd: compileComputeKernel
  api=15 insize=66874 outsize=6214 ok=1
Cmd: compileComputeKernel
  api=15 insize=66874 outsize=3662 ok=1
Cmd: compileComputeKernel
  api=15 insize=66874 outsize=3691 ok=1
Cmd: compileComputeKernel
  api=15 insize=66874 outsize=5425 ok=1
Cmd: compileComputeKernel
  api=15 insize=66874 outsize=4658 ok=1
Cmd: compileComputeKernel
  api=15 insize=66874 outsize=3525 ok=1
Cmd: compileComputeKernel
  api=15 insize=66874 outsize=3799 ok=1
Cmd: compileComputeKernel
  api=15 insize=66874 outsize=3088 ok=1
Cmd: compileComputeKernel
  api=15 insize=66874 outsize=3105 ok=1
Cmd: compileComputeKernel
  api=15 insize=66874 outsize=3653 ok=1
Cmd: compileComputeKernel
  api=15 insize=66874 outsize=3186 ok=1
Cmd: compileComputeKernel
  api=15 insize=66874 outsize=3422 ok=1
Cmd: compileComputeKernel
  api=15 insize=66874 outsize=3092 ok=1
Cmd: compileComputeKernel
  api=15 insize=66874 outsize=4283 ok=1
Cmd: compileComputeKernel
  api=15 insize=66874 outsize=5045 ok=1
Cmd: compileComputeKernel
  api=15 insize=66874 outsize=4324 ok=1
Cmd: compileComputeKernel
  api=15 insize=66874 outsize=4570 ok=1
Cmd: compileComputeKernel
  api=15 insize=66874 outsize=4571 ok=1
Cmd: compileComputeKernel
  api=15 insize=66874 outsize=3129 ok=1
Cmd: compileComputeKernel
  api=15 insize=66874 outsize=3583 ok=1
Cmd: compileComputeKernel
  api=15 insize=66874 outsize=3299 ok=1
Cmd: compileComputeKernel
  api=15 insize=66874 outsize=3198 ok=1
Cmd: compileComputeKernel
  api=15 insize=66874 outsize=5256 ok=1
Cmd: compileComputeKernel
  api=18 insize=66874 outsize=11947 ok=1
Cmd: compileComputeKernel
  api=18 insize=66874 outsize=6995 ok=1
Cmd: compileComputeKernel
  api=18 insize=66874 outsize=11030 ok=1
Cmd: compileComputeKernel
  api=18 insize=66874 outsize=6737 ok=1
Cmd: compileComputeKernel
  api=18 insize=66874 outsize=9185 ok=1
Cmd: compileComputeKernel
  api=18 insize=66874 outsize=7339 ok=1
Cmd: compileComputeKernel
  api=18 insize=66874 outsize=5955 ok=1
Cmd: compileComputeKernel
  api=18 insize=66874 outsize=5957 ok=1
Cmd: compileComputeKernel
  api=18 insize=66874 outsize=6135 ok=1
Cmd: compileComputeKernel
  api=18 insize=66874 outsize=6159 ok=1
Cmd: compileComputeKernel
  api=18 insize=66874 outsize=8089 ok=1
Cmd: compileComputeKernel
  api=18 insize=66874 outsize=6220 ok=1
Cmd: compileComputeKernel
  api=18 insize=66874 outsize=8051 ok=1
Cmd: compileComputeKernel
  api=18 insize=66874 outsize=8059 ok=1
Cmd: compileComputeKernel
  api=18 insize=66874 outsize=8125 ok=1
Cmd: compileComputeKernel
  api=18 insize=66874 outsize=8734 ok=1
Cmd: compileComputeKernel
  api=18 insize=66874 outsize=5877 ok=1
Cmd: compileComputeKernel
  api=18 insize=66874 outsize=13892 ok=1
Cmd: compileComputeKernel
  api=18 insize=66874 outsize=8058 ok=1
Cmd: compileComputeKernel
  api=18 insize=66874 outsize=6450 ok=1
Cmd: compileComputeKernel
  api=15 insize=72903 outsize=16957 ok=1
Cmd: compileComputeKernel
  api=15 insize=34089 outsize=1502 ok=1
Cmd: compileComputeKernel
  api=15 insize=34089 outsize=1832 ok=1
Cmd: compileComputeKernel
  api=15 insize=34089 outsize=2130 ok=1
Cmd: compileComputeKernel
  api=15 insize=34089 outsize=2274 ok=1
Cmd: compileComputeKernel
  api=15 insize=34089 outsize=2196 ok=1
Cmd: compileComputeKernel
  api=15 insize=34089 outsize=1573 ok=1
Cmd: compileComputeKernel
  api=15 insize=34089 outsize=1944 ok=1
Cmd: compileComputeKernel
  api=15 insize=34089 outsize=2658 ok=1
Cmd: compileComputeKernel
  api=15 insize=34089 outsize=2963 ok=1
Cmd: compileComputeKernel
  api=15 insize=34089 outsize=2626 ok=1
Cmd: compileComputeKernel
  api=15 insize=34089 outsize=3124 ok=1
Cmd: compileComputeKernel
  api=15 insize=34089 outsize=3074 ok=1
Cmd: compileComputeKernel
  api=15 insize=34089 outsize=3052 ok=1
Cmd: compileComputeKernel
  api=15 insize=34089 outsize=3009 ok=1
Cmd: compileComputeKernel
  api=15 insize=34089 outsize=3104 ok=1
Cmd: compileComputeKernel
  api=15 insize=34089 outsize=3481 ok=1
Cmd: compileComputeKernel
  api=18 insize=34089 outsize=2287 ok=1
Cmd: compileComputeKernel
  api=18 insize=34089 outsize=3443 ok=1
Cmd: compileComputeKernel
  api=18 insize=34089 outsize=2439 ok=1
Cmd: compileComputeKernel
  api=18 insize=34089 outsize=3671 ok=1
Cmd: compileComputeKernel
  api=18 insize=34089 outsize=3628 ok=1
Cmd: compileComputeKernel
  api=18 insize=34089 outsize=2397 ok=1
Cmd: compileComputeKernel
  api=18 insize=34089 outsize=5637 ok=1
Cmd: compileComputeKernel
  api=18 insize=34089 outsize=6043 ok=1
Cmd: compileComputeKernel
  api=18 insize=34089 outsize=6229 ok=1
Cmd: compileComputeKernel
  api=18 insize=34089 outsize=5905 ok=1
Cmd: compileComputeKernel
  api=18 insize=34089 outsize=5619 ok=1
Cmd: compileComputeKernel
  api=18 insize=34089 outsize=5648 ok=1
Cmd: compileComputeKernel
  api=18 insize=34089 outsize=5806 ok=1
Cmd: compileComputeKernel
  api=18 insize=34089 outsize=6702 ok=1
Cmd: compileComputeKernel
  api=15 insize=79248 outsize=30486 ok=1
Cmd: compileComputeKernel
  api=15 insize=79248 outsize=69219 ok=1
Cmd: compileComputeKernel
  api=15 insize=79248 outsize=3380 ok=1
Cmd: compileComputeKernel
  api=15 insize=79248 outsize=4298 ok=1
Cmd: compileComputeKernel
  api=15 insize=79248 outsize=4181 ok=1
Cmd: compileComputeKernel
  api=15 insize=79248 outsize=26168 ok=1
Cmd: compileComputeKernel
  api=18 insize=79248 outsize=50296 ok=1
Cmd: compileComputeKernel
  api=18 insize=79248 outsize=79842 ok=1
Cmd: compileComputeKernel
  api=18 insize=79248 outsize=112814 ok=1
Cmd: compileComputeKernel
  api=15 insize=4442 outsize=3897 ok=1
Cmd: compileComputeKernel
  api=18 insize=4442 outsize=7944 ok=1
Cmd: compileComputeKernel
  api=15 insize=1900 outsize=6780 ok=1
Cmd: compileSnippet
  api=15 type=1 insize=1602 outsize=0 kw=UNITY_PASS_FORWARDBASE DIRECTIONAL SHADOWS_SCREEN LIGHTPROBE_SH _NORMALMAP _DETAIL_MULX2 pd=UNITY_ENABLE_REFLECTION_BUFFERS UNITY_USE_DITHER_MASK_FOR_ALPHABLENDED_SHADOWS UNITY_PBS_USE_BRDF1 UNITY_SPECCUBE_BOX_PROJECTION UNITY_SPECCUBE_BLENDING UNITY_ENABLE_DETAIL_NORMALMAP SHADER_API_DESKTOP UNITY_COLORSPACE_GAMMA UNITY_LIGHT_PROBE_PROXY_VOLUME UNITY_LIGHTMAP_FULL_HDR ok=1

Quitting shader compiler process
