Base path: '/home/dani/Unity/Hub/Editor/2019.3.14f1/Editor/Data', plugins path '/home/dani/Unity/Hub/Editor/2019.3.14f1/Editor/Data/PlaybackEngines'
Cmd: initializeCompiler
Cmd: compileComputeKernel
  api=15 insize=12109 outsize=2714 ok=1
Cmd: compileComputeKernel
  api=18 insize=12109 outsize=4734 ok=1
Cmd: compileComputeKernel
  api=18 insize=12109 outsize=7283 ok=1
Cmd: compileComputeKernel
  api=18 insize=12109 outsize=7647 ok=1
Cmd: compileComputeKernel
  api=18 insize=12109 outsize=5868 ok=1
Cmd: compileComputeKernel
  api=15 insize=11985 outsize=3323 ok=1
Cmd: compileComputeKernel
  api=15 insize=11985 outsize=3367 ok=1
Cmd: compileComputeKernel
  api=15 insize=11985 outsize=3373 ok=1
Cmd: compileComputeKernel
  api=15 insize=11985 outsize=3589 ok=1
Cmd: compileComputeKernel
  api=18 insize=11985 outsize=6269 ok=1
Cmd: compileComputeKernel
  api=18 insize=11985 outsize=6277 ok=1
Cmd: compileComputeKernel
  api=18 insize=11985 outsize=6338 ok=1
Cmd: compileComputeKernel
  api=18 insize=11985 outsize=6927 ok=1
Cmd: compileComputeKernel
  api=15 insize=18301 outsize=4882 ok=1
Cmd: compileComputeKernel
  api=15 insize=18301 outsize=7343 ok=1
Cmd: compileComputeKernel
  api=18 insize=18301 outsize=8993 ok=1
Cmd: compileComputeKernel
  api=18 insize=18301 outsize=8397 ok=1
Cmd: compileComputeKernel
  api=18 insize=18301 outsize=14575 ok=1
Cmd: compileComputeKernel
  api=18 insize=18301 outsize=26177 ok=1
Cmd: compileComputeKernel
  api=15 insize=66874 outsize=6695 ok=1
Cmd: compileComputeKernel
  api=15 insize=66874 outsize=3666 ok=1
Cmd: compileComputeKernel
  api=15 insize=66874 outsize=3699 ok=1
Cmd: compileComputeKernel
  api=15 insize=66874 outsize=3368 ok=1
Cmd: compileComputeKernel
  api=15 insize=66874 outsize=3768 ok=1
Cmd: compileComputeKernel
  api=15 insize=66874 outsize=4657 ok=1
Cmd: compileComputeKernel
  api=15 insize=66874 outsize=7027 ok=1
Cmd: compileComputeKernel
  api=15 insize=66874 outsize=3094 ok=1
Cmd: compileComputeKernel
  api=15 insize=66874 outsize=3219 ok=1
Cmd: compileComputeKernel
  api=15 insize=66874 outsize=3342 ok=1
Cmd: compileComputeKernel
  api=15 insize=66874 outsize=3831 ok=1
Cmd: compileComputeKernel
  api=15 insize=66874 outsize=3121 ok=1
Cmd: compileComputeKernel
  api=15 insize=66874 outsize=4280 ok=1
Cmd: compileComputeKernel
  api=15 insize=66874 outsize=4461 ok=1
Cmd: compileComputeKernel
  api=15 insize=66874 outsize=4321 ok=1
Cmd: compileComputeKernel
  api=15 insize=66874 outsize=3139 ok=1
Cmd: compileComputeKernel
  api=15 insize=66874 outsize=3197 ok=1
Cmd: compileComputeKernel
  api=15 insize=66874 outsize=4888 ok=1
Cmd: compileComputeKernel
  api=15 insize=66874 outsize=3974 ok=1
Cmd: compileComputeKernel
  api=15 insize=66874 outsize=3247 ok=1
Cmd: compileComputeKernel
  api=18 insize=66874 outsize=7530 ok=1
Cmd: compileComputeKernel
  api=18 insize=66874 outsize=10171 ok=1
Cmd: compileComputeKernel
  api=18 insize=66874 outsize=10286 ok=1
Cmd: compileComputeKernel
  api=18 insize=66874 outsize=9389 ok=1
Cmd: compileComputeKernel
  api=18 insize=66874 outsize=6563 ok=1
Cmd: compileComputeKernel
  api=18 insize=66874 outsize=7373 ok=1
Cmd: compileComputeKernel
  api=18 insize=66874 outsize=6056 ok=1
Cmd: compileComputeKernel
  api=18 insize=66874 outsize=5974 ok=1
Cmd: compileComputeKernel
  api=18 insize=66874 outsize=7338 ok=1
Cmd: compileComputeKernel
  api=18 insize=66874 outsize=6429 ok=1
Cmd: compileComputeKernel
  api=18 insize=66874 outsize=6019 ok=1
Cmd: compileComputeKernel
  api=18 insize=66874 outsize=6195 ok=1
Cmd: compileComputeKernel
  api=18 insize=66874 outsize=8067 ok=1
Cmd: compileComputeKernel
  api=18 insize=66874 outsize=8598 ok=1
Cmd: compileComputeKernel
  api=18 insize=66874 outsize=8120 ok=1
Cmd: compileComputeKernel
  api=18 insize=66874 outsize=8733 ok=1
Cmd: compileComputeKernel
  api=18 insize=66874 outsize=5885 ok=1
Cmd: compileComputeKernel
  api=18 insize=66874 outsize=10150 ok=1
Cmd: compileComputeKernel
  api=18 insize=66874 outsize=7322 ok=1
Cmd: compileComputeKernel
  api=18 insize=66874 outsize=10573 ok=1
Cmd: compileComputeKernel
  api=18 insize=66874 outsize=9719 ok=1
Cmd: compileComputeKernel
  api=15 insize=72903 outsize=7289 ok=1
Cmd: compileComputeKernel
  api=18 insize=72903 outsize=11988 ok=1
Cmd: compileComputeKernel
  api=18 insize=72903 outsize=21207 ok=1
Cmd: compileComputeKernel
  api=15 insize=34089 outsize=1940 ok=1
Cmd: compileComputeKernel
  api=15 insize=34089 outsize=1946 ok=1
Cmd: compileComputeKernel
  api=15 insize=34089 outsize=1866 ok=1
Cmd: compileComputeKernel
  api=15 insize=34089 outsize=1723 ok=1
Cmd: compileComputeKernel
  api=15 insize=34089 outsize=1982 ok=1
Cmd: compileComputeKernel
  api=15 insize=34089 outsize=1575 ok=1
Cmd: compileComputeKernel
  api=15 insize=34089 outsize=2049 ok=1
Cmd: compileComputeKernel
  api=15 insize=34089 outsize=2925 ok=1
Cmd: compileComputeKernel
  api=15 insize=34089 outsize=4065 ok=1
Cmd: compileComputeKernel
  api=15 insize=34089 outsize=3045 ok=1
Cmd: compileComputeKernel
  api=15 insize=34089 outsize=3194 ok=1
Cmd: compileComputeKernel
  api=15 insize=34089 outsize=3044 ok=1
Cmd: compileComputeKernel
  api=15 insize=34089 outsize=3024 ok=1
Cmd: compileComputeKernel
  api=15 insize=34089 outsize=3026 ok=1
Cmd: compileComputeKernel
  api=18 insize=34089 outsize=3424 ok=1
Cmd: compileComputeKernel
  api=18 insize=34089 outsize=3202 ok=1
Cmd: compileComputeKernel
  api=18 insize=34089 outsize=3809 ok=1
Cmd: compileComputeKernel
  api=18 insize=34089 outsize=2671 ok=1
Cmd: compileComputeKernel
  api=18 insize=34089 outsize=2397 ok=1
Cmd: compileComputeKernel
  api=18 insize=34089 outsize=3646 ok=1
Cmd: compileComputeKernel
  api=18 insize=34089 outsize=3513 ok=1
Cmd: compileComputeKernel
  api=18 insize=34089 outsize=5678 ok=1
Cmd: compileComputeKernel
  api=18 insize=34089 outsize=6197 ok=1
Cmd: compileComputeKernel
  api=18 insize=34089 outsize=5595 ok=1
Cmd: compileComputeKernel
  api=18 insize=34089 outsize=5479 ok=1
Cmd: compileComputeKernel
  api=18 insize=34089 outsize=5416 ok=1
Cmd: compileComputeKernel
  api=18 insize=34089 outsize=5838 ok=1
Cmd: compileComputeKernel
  api=15 insize=79248 outsize=29946 ok=1
Cmd: compileComputeKernel
  api=15 insize=79248 outsize=54019 ok=1
Cmd: compileComputeKernel
  api=18 insize=79248 outsize=49752 ok=1
Cmd: compileComputeKernel
  api=18 insize=79248 outsize=90437 ok=1
Cmd: compileComputeKernel
  api=18 insize=79248 outsize=6992 ok=1
Cmd: compileComputeKernel
  api=18 insize=79248 outsize=8505 ok=1
Cmd: compileComputeKernel
  api=18 insize=79248 outsize=8261 ok=1
Cmd: compileComputeKernel
  api=18 insize=79248 outsize=22367 ok=1
Cmd: compileComputeKernel
  api=18 insize=79248 outsize=56972 ok=1
Cmd: compileComputeKernel
  api=15 insize=4442 outsize=3358 ok=1
Cmd: compileComputeKernel
  api=18 insize=4442 outsize=7788 ok=1

Quitting shader compiler process
