Base path: '/home/dani/Unity/Hub/Editor/2019.3.14f1/Editor/Data', plugins path '/home/dani/Unity/Hub/Editor/2019.3.14f1/Editor/Data/PlaybackEngines'
Cmd: initializeCompiler
Cmd: compileComputeKernel
  api=15 insize=12109 outsize=3608 ok=1
Cmd: compileComputeKernel
  api=18 insize=12109 outsize=9574 ok=1
Cmd: compileComputeKernel
  api=15 insize=11985 outsize=3323 ok=1
Cmd: compileComputeKernel
  api=15 insize=11985 outsize=3367 ok=1
Cmd: compileComputeKernel
  api=15 insize=11985 outsize=3364 ok=1
Cmd: compileComputeKernel
  api=18 insize=11985 outsize=6285 ok=1
Cmd: compileComputeKernel
  api=18 insize=11985 outsize=6269 ok=1
Cmd: compileComputeKernel
  api=18 insize=11985 outsize=6277 ok=1
Cmd: compileComputeKernel
  api=18 insize=11985 outsize=6343 ok=1
Cmd: compileComputeKernel
  api=18 insize=11985 outsize=7000 ok=1
Cmd: compileComputeKernel
  api=15 insize=18301 outsize=7565 ok=1
Cmd: compileComputeKernel
  api=18 insize=18301 outsize=8953 ok=1
Cmd: compileComputeKernel
  api=18 insize=18301 outsize=14747 ok=1
Cmd: compileComputeKernel
  api=18 insize=18301 outsize=23505 ok=1
Cmd: compileComputeKernel
  api=15 insize=66874 outsize=26768 ok=1
Cmd: compileComputeKernel
  api=15 insize=66874 outsize=3134 ok=1
Cmd: compileComputeKernel
  api=15 insize=66874 outsize=3105 ok=1
Cmd: compileComputeKernel
  api=15 insize=66874 outsize=3722 ok=1
Cmd: compileComputeKernel
  api=15 insize=66874 outsize=3134 ok=1
Cmd: compileComputeKernel
  api=15 insize=66874 outsize=3131 ok=1
Cmd: compileComputeKernel
  api=15 insize=66874 outsize=3831 ok=1
Cmd: compileComputeKernel
  api=15 insize=66874 outsize=4283 ok=1
Cmd: compileComputeKernel
  api=15 insize=66874 outsize=4284 ok=1
Cmd: compileComputeKernel
  api=15 insize=66874 outsize=4330 ok=1
Cmd: compileComputeKernel
  api=15 insize=66874 outsize=4323 ok=1
Cmd: compileComputeKernel
  api=15 insize=66874 outsize=3213 ok=1
Cmd: compileComputeKernel
  api=15 insize=66874 outsize=3259 ok=1
Cmd: compileComputeKernel
  api=15 insize=66874 outsize=6777 ok=1
Cmd: compileComputeKernel
  api=15 insize=66874 outsize=2377 ok=1
Cmd: compileComputeKernel
  api=15 insize=66874 outsize=5029 ok=1
Cmd: compileComputeKernel
  api=18 insize=66874 outsize=12771 ok=1
Cmd: compileComputeKernel
  api=18 insize=66874 outsize=10171 ok=1
Cmd: compileComputeKernel
  api=18 insize=66874 outsize=7797 ok=1
Cmd: compileComputeKernel
  api=18 insize=66874 outsize=9237 ok=1
Cmd: compileComputeKernel
  api=18 insize=66874 outsize=13131 ok=1
Cmd: compileComputeKernel
  api=18 insize=66874 outsize=5947 ok=1
Cmd: compileComputeKernel
  api=18 insize=66874 outsize=5957 ok=1
Cmd: compileComputeKernel
  api=18 insize=66874 outsize=6135 ok=1
Cmd: compileComputeKernel
  api=18 insize=66874 outsize=6159 ok=1
Cmd: compileComputeKernel
  api=18 insize=66874 outsize=6583 ok=1
Cmd: compileComputeKernel
  api=18 insize=66874 outsize=6220 ok=1
Cmd: compileComputeKernel
  api=18 insize=66874 outsize=8051 ok=1
Cmd: compileComputeKernel
  api=18 insize=66874 outsize=9491 ok=1
Cmd: compileComputeKernel
  api=18 insize=66874 outsize=8120 ok=1
Cmd: compileComputeKernel
  api=18 insize=66874 outsize=8750 ok=1
Cmd: compileComputeKernel
  api=18 insize=66874 outsize=6101 ok=1
Cmd: compileComputeKernel
  api=18 insize=66874 outsize=13892 ok=1
Cmd: compileComputeKernel
  api=18 insize=66874 outsize=8000 ok=1
Cmd: compileComputeKernel
  api=18 insize=66874 outsize=6450 ok=1
Cmd: compileComputeKernel
  api=15 insize=72903 outsize=16957 ok=1
Cmd: compileComputeKernel
  api=15 insize=34089 outsize=1824 ok=1
Cmd: compileComputeKernel
  api=15 insize=34089 outsize=1832 ok=1
Cmd: compileComputeKernel
  api=15 insize=34089 outsize=1866 ok=1
Cmd: compileComputeKernel
  api=15 insize=34089 outsize=1577 ok=1
Cmd: compileComputeKernel
  api=15 insize=34089 outsize=1723 ok=1
Cmd: compileComputeKernel
  api=15 insize=34089 outsize=1863 ok=1
Cmd: compileComputeKernel
  api=15 insize=34089 outsize=1864 ok=1
Cmd: compileComputeKernel
  api=15 insize=34089 outsize=1929 ok=1
Cmd: compileComputeKernel
  api=15 insize=34089 outsize=2049 ok=1
Cmd: compileComputeKernel
  api=15 insize=34089 outsize=2963 ok=1
Cmd: compileComputeKernel
  api=15 insize=34089 outsize=3267 ok=1
Cmd: compileComputeKernel
  api=15 insize=34089 outsize=3045 ok=1
Cmd: compileComputeKernel
  api=15 insize=34089 outsize=3173 ok=1
Cmd: compileComputeKernel
  api=15 insize=34089 outsize=2921 ok=1
Cmd: compileComputeKernel
  api=15 insize=34089 outsize=3024 ok=1
Cmd: compileComputeKernel
  api=15 insize=34089 outsize=3026 ok=1
Cmd: compileComputeKernel
  api=18 insize=34089 outsize=3183 ok=1
Cmd: compileComputeKernel
  api=18 insize=34089 outsize=3443 ok=1
Cmd: compileComputeKernel
  api=18 insize=34089 outsize=2439 ok=1
Cmd: compileComputeKernel
  api=18 insize=34089 outsize=3604 ok=1
Cmd: compileComputeKernel
  api=18 insize=34089 outsize=3488 ok=1
Cmd: compileComputeKernel
  api=18 insize=34089 outsize=3425 ok=1
Cmd: compileComputeKernel
  api=18 insize=34089 outsize=5436 ok=1
Cmd: compileComputeKernel
  api=18 insize=34089 outsize=5509 ok=1
Cmd: compileComputeKernel
  api=18 insize=34089 outsize=7549 ok=1
Cmd: compileComputeKernel
  api=18 insize=34089 outsize=5641 ok=1
Cmd: compileComputeKernel
  api=18 insize=34089 outsize=5905 ok=1
Cmd: compileComputeKernel
  api=18 insize=34089 outsize=5619 ok=1
Cmd: compileComputeKernel
  api=18 insize=34089 outsize=5416 ok=1
Cmd: compileComputeKernel
  api=18 insize=34089 outsize=5637 ok=1
Cmd: compileComputeKernel
  api=18 insize=34089 outsize=6702 ok=1
Cmd: compileComputeKernel
  api=15 insize=79248 outsize=30486 ok=1
Cmd: compileComputeKernel
  api=15 insize=79248 outsize=69219 ok=1
Cmd: compileComputeKernel
  api=15 insize=79248 outsize=9409 ok=1
Cmd: compileComputeKernel
  api=15 insize=79248 outsize=9435 ok=1
Cmd: compileComputeKernel
  api=15 insize=79248 outsize=6756 ok=1
Cmd: compileComputeKernel
  api=15 insize=79248 outsize=8280 ok=1
Cmd: compileComputeKernel
  api=18 insize=79248 outsize=42248 ok=1
Cmd: compileComputeKernel
  api=18 insize=79248 outsize=77865 ok=1
Cmd: compileComputeKernel
  api=18 insize=79248 outsize=134346 ok=1
Cmd: compileComputeKernel
  api=15 insize=4442 outsize=3874 ok=1
Cmd: compileComputeKernel
  api=18 insize=4442 outsize=5841 ok=1
Unhandled exception: Protocol error - unexpected end of data (did the Editor crash?)

Quitting shader compiler process
